<?xml version="1.0" encoding="UTF-8"?>
<!-- Generated by org.testng.reporters.JUnitReportReporter -->
<testsuite skipped="0" hostname="jnet50" name="tests.VoterRegistration" tests="1" failures="0" timestamp="8 Nov 2019 09:52:57 GMT" time="50.457" errors="0">
  <testcase name="StartExecution" time="50.457" classname="tests.VoterRegistration"/>
</testsuite> <!-- tests.VoterRegistration -->
