<?xml version="1.0" encoding="UTF-8"?>
<!-- Generated by org.testng.reporters.JUnitReportReporter -->
<testsuite skipped="0" hostname="jnet50" name="mainClasses.AddElectionAndAbsenteeBallot" tests="1" failures="0" timestamp="15 Nov 2019 12:59:16 GMT" time="30.483" errors="0">
  <testcase name="startExecution" time="30.483" classname="mainClasses.AddElectionAndAbsenteeBallot"/>
</testsuite> <!-- mainClasses.AddElectionAndAbsenteeBallot -->
