<?xml version="1.0" encoding="UTF-8"?>
<!-- Generated by org.testng.reporters.JUnitReportReporter -->
<testsuite skipped="0" hostname="jnet50" name="mainClasses.TransferVoterRegistration" tests="1" failures="0" timestamp="15 Nov 2019 13:41:30 GMT" time="42.987" errors="0">
  <testcase name="startExecution" time="42.987" classname="mainClasses.TransferVoterRegistration"/>
</testsuite> <!-- mainClasses.TransferVoterRegistration -->
