<?xml version="1.0" encoding="UTF-8"?>
<!-- Generated by org.testng.reporters.JUnitReportReporter -->
<testsuite skipped="0" hostname="jnet50" name="mainClasses.VoterRegistration" tests="1" failures="0" timestamp="19 Nov 2019 09:00:10 GMT" time="52.491" errors="0">
  <testcase name="StartExecution" time="52.491" classname="mainClasses.VoterRegistration"/>
</testsuite> <!-- mainClasses.VoterRegistration -->
