<?xml version="1.0" encoding="UTF-8"?>
<!-- Generated by org.testng.reporters.JUnitReportReporter -->
<testsuite skipped="0" hostname="jnet50" name="tests.SampleProgram" tests="1" failures="0" timestamp="5 Nov 2019 07:54:13 GMT" time="16.064" errors="0">
  <testcase name="sp" time="16.064" classname="tests.SampleProgram"/>
</testsuite> <!-- tests.SampleProgram -->
