<?xml version="1.0" encoding="UTF-8"?>
<!-- Generated by org.testng.reporters.JUnitReportReporter -->
<testsuite skipped="0" hostname="jnet50" name="mainClasses.RejectVoterRegistrationFiling" tests="1" failures="0" timestamp="15 Nov 2019 13:18:00 GMT" time="53.222" errors="0">
  <testcase name="StartExecution" time="53.222" classname="mainClasses.RejectVoterRegistrationFiling"/>
</testsuite> <!-- mainClasses.RejectVoterRegistrationFiling -->
