<?xml version="1.0" encoding="UTF-8"?>
<!-- Generated by org.testng.reporters.JUnitReportReporter -->
<testsuite skipped="0" hostname="jnet50" name="mainClasses.TestReferenceSample" tests="1" failures="0" timestamp="19 Nov 2019 09:06:10 GMT" time="1.931" errors="0">
  <testcase name="methodAction" time="1.931" classname="mainClasses.TestReferenceSample"/>
</testsuite> <!-- mainClasses.TestReferenceSample -->
