<?xml version="1.0" encoding="UTF-8"?>
<!-- Generated by org.testng.reporters.JUnitReportReporter -->
<testsuite skipped="0" hostname="jnet50" name="mainClasses.UpdateVoterInformation" tests="1" failures="0" timestamp="19 Nov 2019 09:00:10 GMT" time="44.791" errors="0">
  <testcase name="UpdateVoterRegistration" time="44.791" classname="mainClasses.UpdateVoterInformation"/>
</testsuite> <!-- mainClasses.UpdateVoterInformation -->
