<?xml version="1.0" encoding="UTF-8"?>
<!-- Generated by org.testng.reporters.JUnitReportReporter -->
<testsuite skipped="0" hostname="jnet50" name="mainClasses.AddBallot" tests="1" failures="0" timestamp="18 Nov 2019 09:43:42 GMT" time="40.604" errors="0">
  <testcase name="startExecution" time="40.604" classname="mainClasses.AddBallot"/>
</testsuite> <!-- mainClasses.AddBallot -->
